<?xml version="1.0" encoding="UTF-8"?>
<testng-results skipped="0" failed="0" total="1" passed="1">
  <reporter-output>
  </reporter-output>
  <suite name="Default suite" duration-ms="8288" started-at="2020-05-10T03:27:08Z" finished-at="2020-05-10T03:27:16Z">
    <groups>
    </groups>
    <test name="Default test" duration-ms="8288" started-at="2020-05-10T03:27:08Z" finished-at="2020-05-10T03:27:16Z">
      <class name="org.web.automation.testcases.TC_001_Registration_User_Firefox">
        <test-method status="PASS" signature="tc_001()[pri:0, instance:org.web.automation.testcases.TC_001_Registration_User_Firefox@58651fd0]" name="tc_001" duration-ms="8270" started-at="2020-05-10T08:57:08Z" finished-at="2020-05-10T08:57:16Z">
          <reporter-output>
          </reporter-output>
        </test-method> <!-- tc_001 -->
      </class> <!-- org.web.automation.testcases.TC_001_Registration_User_Firefox -->
    </test> <!-- Default test -->
  </suite> <!-- Default suite -->
</testng-results>
