<?xml version="1.0" encoding="UTF-8"?>
<testng-results skipped="0" failed="0" total="1" passed="1">
  <reporter-output>
  </reporter-output>
  <suite name="Default suite" duration-ms="14366" started-at="2020-05-16T18:37:30Z" finished-at="2020-05-16T18:37:45Z">
    <groups>
    </groups>
    <test name="Default test" duration-ms="14366" started-at="2020-05-16T18:37:30Z" finished-at="2020-05-16T18:37:45Z">
      <class name="org.web.automation.testcases.TC_001_Registration_Functionality">
        <test-method status="PASS" signature="startBrowser()[pri:0, instance:org.web.automation.testcases.TC_001_Registration_Functionality@5034c75a]" name="startBrowser" is-config="true" duration-ms="12551" started-at="2020-05-17T00:07:30Z" finished-at="2020-05-17T00:07:43Z">
          <reporter-output>
          </reporter-output>
        </test-method> <!-- startBrowser -->
        <test-method status="PASS" signature="tc001()[pri:0, instance:org.web.automation.testcases.TC_001_Registration_Functionality@5034c75a]" name="tc001" duration-ms="334" started-at="2020-05-17T00:07:43Z" finished-at="2020-05-17T00:07:43Z">
          <reporter-output>
          </reporter-output>
        </test-method> <!-- tc001 -->
        <test-method status="PASS" signature="closeBrowser()[pri:0, instance:org.web.automation.testcases.TC_001_Registration_Functionality@5034c75a]" name="closeBrowser" is-config="true" duration-ms="1464" started-at="2020-05-17T00:07:43Z" finished-at="2020-05-17T00:07:45Z">
          <reporter-output>
          </reporter-output>
        </test-method> <!-- closeBrowser -->
      </class> <!-- org.web.automation.testcases.TC_001_Registration_Functionality -->
    </test> <!-- Default test -->
  </suite> <!-- Default suite -->
</testng-results>
